c:\users\subramanyam\documents\visual studio 2015\projects\rtobjecttracking\rtobjecttracking\x64\debug\vc140.pdb
c:\users\subramanyam\documents\visual studio 2015\projects\rtobjecttracking\rtobjecttracking\x64\debug\vc140.idb
c:\users\subramanyam\documents\visual studio 2015\projects\rtobjecttracking\rtobjecttracking\x64\debug\source.obj
c:\users\subramanyam\documents\visual studio 2015\projects\rtobjecttracking\rtobjecttracking\x64\debug\rtobjecttrack.obj
c:\users\subramanyam\documents\visual studio 2015\projects\rtobjecttracking\rtobjecttracking\x64\debug\redimagedetection.obj
c:\users\subramanyam\documents\visual studio 2015\projects\rtobjecttracking\rtobjecttracking\x64\debug\cannyvideo.obj
c:\users\subramanyam\documents\visual studio 2015\projects\rtobjecttracking\rtobjecttracking\x64\debug\redimagedetection.obj.enc
c:\users\subramanyam\documents\visual studio 2015\projects\rtobjecttracking\x64\debug\rtobjecttracking.pdb
c:\users\subramanyam\documents\visual studio 2015\projects\rtobjecttracking\rtobjecttracking\x64\debug\rtobjecttracking.tlog\cl.command.1.tlog
c:\users\subramanyam\documents\visual studio 2015\projects\rtobjecttracking\rtobjecttracking\x64\debug\rtobjecttracking.tlog\cl.read.1.tlog
c:\users\subramanyam\documents\visual studio 2015\projects\rtobjecttracking\rtobjecttracking\x64\debug\rtobjecttracking.tlog\cl.write.1.tlog
c:\users\subramanyam\documents\visual studio 2015\projects\rtobjecttracking\rtobjecttracking\x64\debug\rtobjecttracking.tlog\link.14616-cvtres.read.1.tlog
c:\users\subramanyam\documents\visual studio 2015\projects\rtobjecttracking\rtobjecttracking\x64\debug\rtobjecttracking.tlog\link.14616-cvtres.write.1.tlog
c:\users\subramanyam\documents\visual studio 2015\projects\rtobjecttracking\rtobjecttracking\x64\debug\rtobjecttracking.tlog\link.14616-rc.read.1.tlog
c:\users\subramanyam\documents\visual studio 2015\projects\rtobjecttracking\rtobjecttracking\x64\debug\rtobjecttracking.tlog\link.14616-rc.write.1.tlog
c:\users\subramanyam\documents\visual studio 2015\projects\rtobjecttracking\rtobjecttracking\x64\debug\rtobjecttracking.tlog\link.14616.read.1.tlog
c:\users\subramanyam\documents\visual studio 2015\projects\rtobjecttracking\rtobjecttracking\x64\debug\rtobjecttracking.tlog\link.14616.write.1.tlog
c:\users\subramanyam\documents\visual studio 2015\projects\rtobjecttracking\rtobjecttracking\x64\debug\rtobjecttracking.tlog\link.command.1.tlog
c:\users\subramanyam\documents\visual studio 2015\projects\rtobjecttracking\rtobjecttracking\x64\debug\rtobjecttracking.tlog\link.read.1.tlog
c:\users\subramanyam\documents\visual studio 2015\projects\rtobjecttracking\rtobjecttracking\x64\debug\rtobjecttracking.tlog\link.write.1.tlog
